# JRE version: Java(TM) SE Runtime Environment (17.0.4.1+1) (build 17.0.4.1+1-LTS-2)
# Java VM: Java HotSpot(TM) 64-Bit Server VM (17.0.4.1+1-LTS-2, mixed mode, sharing, tiered, compressed oops, compressed class ptrs, g1 gc, windows-amd64)
GC Precious Log:
 CPUs: 4 total, 4 available
 Memory: 4012M
 Large Page Support: Disabled
 NUMA Support: Disabled
 Compressed Oops: Enabled (32-bit)
 Heap Region Size: 1M
 Heap Min Capacity: 8M
 Heap Initial Capacity: 64M
 Heap Max Capacity: 1004M
 Pre-touch: Disabled
 Parallel Workers: 4
 Concurrent Workers: 1
 Concurrent Refinement Workers: 4
 Periodic GC: Disabled
Heap:
 garbage-first heap   total 50176K, used 28215K [0x00000000c1400000, 0x0000000100000000)
  region size 1024K, 3 young (3072K), 2 survivors (2048K)
 Metaspace       used 60817K, committed 61248K, reserved 1105920K
  class space    used 8057K, committed 8256K, reserved 1048576K
GC Heap History (20 events):
Event: 12.577 GC heap before
{Heap before GC invocations=8 (full 0):
 garbage-first heap   total 48128K, used 30795K [0x00000000c1400000, 0x0000000100000000)
  region size 1024K, 18 young (18432K), 2 survivors (2048K)
 Metaspace       used 35869K, committed 36096K, reserved 1081344K
  class space    used 4692K, committed 4800K, reserved 1048576K
}
Event: 12.585 GC heap after
{Heap after GC invocations=9 (full 0):
 garbage-first heap   total 48128K, used 18071K [0x00000000c1400000, 0x0000000100000000)
  region size 1024K, 3 young (3072K), 3 survivors (3072K)
 Metaspace       used 35869K, committed 36096K, reserved 1081344K
  class space    used 4692K, committed 4800K, reserved 1048576K
}
Event: 13.851 GC heap before
{Heap before GC invocations=10 (full 0):
 garbage-first heap   total 48128K, used 35479K [0x00000000c1400000, 0x0000000100000000)
  region size 1024K, 20 young (20480K), 3 survivors (3072K)
 Metaspace       used 40467K, committed 40768K, reserved 1089536K
  class space    used 5267K, committed 5440K, reserved 1048576K
}
Event: 13.860 GC heap after
{Heap after GC invocations=11 (full 0):
 garbage-first heap   total 48128K, used 19183K [0x00000000c1400000, 0x0000000100000000)
  region size 1024K, 3 young (3072K), 3 survivors (3072K)
 Metaspace       used 40467K, committed 40768K, reserved 1089536K
  class space    used 5267K, committed 5440K, reserved 1048576K
}
Event: 14.975 GC heap before
{Heap before GC invocations=12 (full 0):
 garbage-first heap   total 48128K, used 34543K [0x00000000c1400000, 0x0000000100000000)
  region size 1024K, 19 young (19456K), 3 survivors (3072K)
 Metaspace       used 44939K, committed 45312K, reserved 1089536K
  class space    used 5896K, committed 6080K, reserved 1048576K
}
Event: 14.983 GC heap after
{Heap after GC invocations=13 (full 0):
 garbage-first heap   total 48128K, used 20268K [0x00000000c1400000, 0x0000000100000000)
  region size 1024K, 3 young (3072K), 3 survivors (3072K)
 Metaspace       used 44939K, committed 45312K, reserved 1089536K
  class space    used 5896K, committed 6080K, reserved 1048576K
}
Event: 16.260 GC heap before
{Heap before GC invocations=13 (full 0):
 garbage-first heap   total 48128K, used 35628K [0x00000000c1400000, 0x0000000100000000)
  region size 1024K, 18 young (18432K), 3 survivors (3072K)
 Metaspace       used 48443K, committed 48704K, reserved 1097728K
  class space    used 6444K, committed 6592K, reserved 1048576K
}
Event: 16.270 GC heap after
{Heap after GC invocations=14 (full 0):
 garbage-first heap   total 48128K, used 21435K [0x00000000c1400000, 0x0000000100000000)
  region size 1024K, 3 young (3072K), 3 survivors (3072K)
 Metaspace       used 48443K, committed 48704K, reserved 1097728K
  class space    used 6444K, committed 6592K, reserved 1048576K
}
Event: 16.962 GC heap before
{Heap before GC invocations=14 (full 0):
 garbage-first heap   total 48128K, used 36795K [0x00000000c1400000, 0x0000000100000000)
  region size 1024K, 18 young (18432K), 3 survivors (3072K)
 Metaspace       used 50809K, committed 51072K, reserved 1097728K
  class space    used 6776K, committed 6912K, reserved 1048576K
}
Event: 16.970 GC heap after
{Heap after GC invocations=15 (full 0):
 garbage-first heap   total 48128K, used 22431K [0x00000000c1400000, 0x0000000100000000)
  region size 1024K, 3 young (3072K), 3 survivors (3072K)
 Metaspace       used 50809K, committed 51072K, reserved 1097728K
  class space    used 6776K, committed 6912K, reserved 1048576K
}
Event: 17.834 GC heap before
{Heap before GC invocations=15 (full 0):
 garbage-first heap   total 48128K, used 36767K [0x00000000c1400000, 0x0000000100000000)
  region size 1024K, 17 young (17408K), 3 survivors (3072K)
 Metaspace       used 52654K, committed 52928K, reserved 1097728K
  class space    used 7029K, committed 7168K, reserved 1048576K
}
Event: 17.843 GC heap after
{Heap after GC invocations=16 (full 0):
 garbage-first heap   total 48128K, used 23892K [0x00000000c1400000, 0x0000000100000000)
  region size 1024K, 3 young (3072K), 3 survivors (3072K)
 Metaspace       used 52654K, committed 52928K, reserved 1097728K
  class space    used 7029K, committed 7168K, reserved 1048576K
}
Event: 20.156 GC heap before
{Heap before GC invocations=16 (full 0):
 garbage-first heap   total 48128K, used 37204K [0x00000000c1400000, 0x0000000100000000)
  region size 1024K, 16 young (16384K), 3 survivors (3072K)
 Metaspace       used 54949K, committed 55296K, reserved 1097728K
  class space    used 7312K, committed 7488K, reserved 1048576K
}
Event: 20.175 GC heap after
{Heap after GC invocations=17 (full 0):
 garbage-first heap   total 48128K, used 25218K [0x00000000c1400000, 0x0000000100000000)
  region size 1024K, 2 young (2048K), 2 survivors (2048K)
 Metaspace       used 54949K, committed 55296K, reserved 1097728K
  class space    used 7312K, committed 7488K, reserved 1048576K
}
Event: 22.169 GC heap before
{Heap before GC invocations=18 (full 0):
 garbage-first heap   total 48128K, used 37506K [0x00000000c1400000, 0x0000000100000000)
  region size 1024K, 14 young (14336K), 2 survivors (2048K)
 Metaspace       used 58200K, committed 58560K, reserved 1105920K
  class space    used 7746K, committed 7936K, reserved 1048576K
}
Event: 22.179 GC heap after
{Heap after GC invocations=19 (full 0):
 garbage-first heap   total 48128K, used 26618K [0x00000000c1400000, 0x0000000100000000)
  region size 1024K, 2 young (2048K), 2 survivors (2048K)
 Metaspace       used 58200K, committed 58560K, reserved 1105920K
  class space    used 7746K, committed 7936K, reserved 1048576K
}
Event: 22.246 GC heap before
{Heap before GC invocations=19 (full 0):
 garbage-first heap   total 48128K, used 26618K [0x00000000c1400000, 0x0000000100000000)
  region size 1024K, 3 young (3072K), 2 survivors (2048K)
 Metaspace       used 58320K, committed 58688K, reserved 1105920K
  class space    used 7757K, committed 7936K, reserved 1048576K
}
Event: 22.250 GC heap after
{Heap after GC invocations=20 (full 0):
 garbage-first heap   total 48128K, used 27459K [0x00000000c1400000, 0x0000000100000000)
  region size 1024K, 1 young (1024K), 1 survivors (1024K)
 Metaspace       used 58320K, committed 58688K, reserved 1105920K
  class space    used 7757K, committed 7936K, reserved 1048576K
}
Event: 47.729 GC heap before
{Heap before GC invocations=20 (full 0):
 garbage-first heap   total 48128K, used 38723K [0x00000000c1400000, 0x0000000100000000)
  region size 1024K, 12 young (12288K), 1 survivors (1024K)
 Metaspace       used 60801K, committed 61120K, reserved 1105920K
  class space    used 8056K, committed 8192K, reserved 1048576K
}
Event: 47.733 GC heap after
{Heap after GC invocations=21 (full 0):
 garbage-first heap   total 48128K, used 28215K [0x00000000c1400000, 0x0000000100000000)
  region size 1024K, 2 young (2048K), 2 survivors (2048K)
 Metaspace       used 60801K, committed 61120K, reserved 1105920K
  class space    used 8056K, committed 8192K, reserved 1048576K
}

