# JRE version: Java(TM) SE Runtime Environment (17.0.4.1+1) (build 17.0.4.1+1-LTS-2)
# Java VM: Java HotSpot(TM) 64-Bit Server VM (17.0.4.1+1-LTS-2, mixed mode, sharing, tiered, compressed oops, compressed class ptrs, g1 gc, windows-amd64)
GC Precious Log:
 CPUs: 4 total, 4 available
 Memory: 4012M
 Large Page Support: Disabled
 NUMA Support: Disabled
 Compressed Oops: Enabled (32-bit)
 Heap Region Size: 1M
 Heap Min Capacity: 8M
 Heap Initial Capacity: 64M
 Heap Max Capacity: 1004M
 Pre-touch: Disabled
 Parallel Workers: 4
 Concurrent Workers: 1
 Concurrent Refinement Workers: 4
 Periodic GC: Disabled
Heap:
 garbage-first heap   total 40960K, used 22223K [0x00000000c1400000, 0x0000000100000000)
  region size 1024K, 4 young (4096K), 2 survivors (2048K)
 Metaspace       used 48758K, committed 49088K, reserved 1097728K
  class space    used 6491K, committed 6656K, reserved 1048576K
GC Heap History (20 events):
Event: 6.619 GC heap before
{Heap before GC invocations=2 (full 0):
 garbage-first heap   total 65536K, used 29217K [0x00000000c1400000, 0x0000000100000000)
  region size 1024K, 24 young (24576K), 1 survivors (1024K)
 Metaspace       used 12004K, committed 12224K, reserved 1064960K
  class space    used 1445K, committed 1536K, reserved 1048576K
}
Event: 6.624 GC heap after
{Heap after GC invocations=3 (full 0):
 garbage-first heap   total 65536K, used 8159K [0x00000000c1400000, 0x0000000100000000)
  region size 1024K, 3 young (3072K), 3 survivors (3072K)
 Metaspace       used 12004K, committed 12224K, reserved 1064960K
  class space    used 1445K, committed 1536K, reserved 1048576K
}
Event: 10.315 GC heap before
{Heap before GC invocations=3 (full 0):
 garbage-first heap   total 65536K, used 38879K [0x00000000c1400000, 0x0000000100000000)
  region size 1024K, 33 young (33792K), 3 survivors (3072K)
 Metaspace       used 16775K, committed 17024K, reserved 1064960K
  class space    used 2047K, committed 2176K, reserved 1048576K
}
Event: 10.323 GC heap after
{Heap after GC invocations=4 (full 0):
 garbage-first heap   total 65536K, used 10424K [0x00000000c1400000, 0x0000000100000000)
  region size 1024K, 5 young (5120K), 5 survivors (5120K)
 Metaspace       used 16775K, committed 17024K, reserved 1064960K
  class space    used 2047K, committed 2176K, reserved 1048576K
}
Event: 14.503 GC heap before
{Heap before GC invocations=4 (full 0):
 garbage-first heap   total 65536K, used 37048K [0x00000000c1400000, 0x0000000100000000)
  region size 1024K, 32 young (32768K), 5 survivors (5120K)
 Metaspace       used 21312K, committed 21504K, reserved 1073152K
  class space    used 2673K, committed 2752K, reserved 1048576K
}
Event: 14.519 GC heap after
{Heap after GC invocations=5 (full 0):
 garbage-first heap   total 65536K, used 12146K [0x00000000c1400000, 0x0000000100000000)
  region size 1024K, 4 young (4096K), 4 survivors (4096K)
 Metaspace       used 21312K, committed 21504K, reserved 1073152K
  class space    used 2673K, committed 2752K, reserved 1048576K
}
Event: 17.573 GC heap before
{Heap before GC invocations=6 (full 0):
 garbage-first heap   total 40960K, used 29554K [0x00000000c1400000, 0x0000000100000000)
  region size 1024K, 23 young (23552K), 4 survivors (4096K)
 Metaspace       used 25765K, committed 26048K, reserved 1073152K
  class space    used 3248K, committed 3392K, reserved 1048576K
}
Event: 17.589 GC heap after
{Heap after GC invocations=7 (full 0):
 garbage-first heap   total 40960K, used 14663K [0x00000000c1400000, 0x0000000100000000)
  region size 1024K, 5 young (5120K), 5 survivors (5120K)
 Metaspace       used 25765K, committed 26048K, reserved 1073152K
  class space    used 3248K, committed 3392K, reserved 1048576K
}
Event: 19.094 GC heap before
{Heap before GC invocations=7 (full 0):
 garbage-first heap   total 40960K, used 27975K [0x00000000c1400000, 0x0000000100000000)
  region size 1024K, 19 young (19456K), 5 survivors (5120K)
 Metaspace       used 27844K, committed 28096K, reserved 1073152K
  class space    used 3538K, committed 3648K, reserved 1048576K
}
Event: 19.110 GC heap after
{Heap after GC invocations=8 (full 0):
 garbage-first heap   total 40960K, used 16171K [0x00000000c1400000, 0x0000000100000000)
  region size 1024K, 2 young (2048K), 2 survivors (2048K)
 Metaspace       used 27844K, committed 28096K, reserved 1073152K
  class space    used 3538K, committed 3648K, reserved 1048576K
}
Event: 20.185 GC heap before
{Heap before GC invocations=8 (full 0):
 garbage-first heap   total 40960K, used 29483K [0x00000000c1400000, 0x0000000100000000)
  region size 1024K, 15 young (15360K), 2 survivors (2048K)
 Metaspace       used 31451K, committed 31744K, reserved 1081344K
  class space    used 4079K, committed 4224K, reserved 1048576K
}
Event: 20.191 GC heap after
{Heap after GC invocations=9 (full 0):
 garbage-first heap   total 40960K, used 16268K [0x00000000c1400000, 0x0000000100000000)
  region size 1024K, 2 young (2048K), 2 survivors (2048K)
 Metaspace       used 31451K, committed 31744K, reserved 1081344K
  class space    used 4079K, committed 4224K, reserved 1048576K
}
Event: 22.074 GC heap before
{Heap before GC invocations=9 (full 0):
 garbage-first heap   total 40960K, used 27532K [0x00000000c1400000, 0x0000000100000000)
  region size 1024K, 14 young (14336K), 2 survivors (2048K)
 Metaspace       used 35696K, committed 35968K, reserved 1081344K
  class space    used 4677K, committed 4800K, reserved 1048576K
}
Event: 22.081 GC heap after
{Heap after GC invocations=10 (full 0):
 garbage-first heap   total 40960K, used 17556K [0x00000000c1400000, 0x0000000100000000)
  region size 1024K, 2 young (2048K), 2 survivors (2048K)
 Metaspace       used 35696K, committed 35968K, reserved 1081344K
  class space    used 4677K, committed 4800K, reserved 1048576K
}
Event: 23.909 GC heap before
{Heap before GC invocations=11 (full 0):
 garbage-first heap   total 40960K, used 29844K [0x00000000c1400000, 0x0000000100000000)
  region size 1024K, 15 young (15360K), 2 survivors (2048K)
 Metaspace       used 41247K, committed 41600K, reserved 1089536K
  class space    used 5380K, committed 5568K, reserved 1048576K
}
Event: 23.916 GC heap after
{Heap after GC invocations=12 (full 0):
 garbage-first heap   total 40960K, used 18667K [0x00000000c1400000, 0x0000000100000000)
  region size 1024K, 2 young (2048K), 2 survivors (2048K)
 Metaspace       used 41247K, committed 41600K, reserved 1089536K
  class space    used 5380K, committed 5568K, reserved 1048576K
}
Event: 24.274 GC heap before
{Heap before GC invocations=13 (full 0):
 garbage-first heap   total 40960K, used 30955K [0x00000000c1400000, 0x0000000100000000)
  region size 1024K, 14 young (14336K), 2 survivors (2048K)
 Metaspace       used 42680K, committed 42944K, reserved 1089536K
  class space    used 5562K, committed 5696K, reserved 1048576K
}
Event: 24.278 GC heap after
{Heap after GC invocations=14 (full 0):
 garbage-first heap   total 40960K, used 19211K [0x00000000c1400000, 0x0000000100000000)
  region size 1024K, 2 young (2048K), 2 survivors (2048K)
 Metaspace       used 42680K, committed 42944K, reserved 1089536K
  class space    used 5562K, committed 5696K, reserved 1048576K
}
Event: 24.875 GC heap before
{Heap before GC invocations=14 (full 0):
 garbage-first heap   total 40960K, used 31499K [0x00000000c1400000, 0x0000000100000000)
  region size 1024K, 14 young (14336K), 2 survivors (2048K)
 Metaspace       used 45832K, committed 46144K, reserved 1089536K
  class space    used 6078K, committed 6208K, reserved 1048576K
}
Event: 24.881 GC heap after
{Heap after GC invocations=15 (full 0):
 garbage-first heap   total 40960K, used 19828K [0x00000000c1400000, 0x0000000100000000)
  region size 1024K, 2 young (2048K), 2 survivors (2048K)
 Metaspace       used 45832K, committed 46144K, reserved 1089536K
  class space    used 6078K, committed 6208K, reserved 1048576K
}

