# JRE version: Java(TM) SE Runtime Environment (17.0.4.1+1) (build 17.0.4.1+1-LTS-2)
# Java VM: Java HotSpot(TM) 64-Bit Server VM (17.0.4.1+1-LTS-2, mixed mode, sharing, tiered, compressed oops, compressed class ptrs, g1 gc, windows-amd64)
GC Precious Log:
 CPUs: 4 total, 4 available
 Memory: 4012M
 Large Page Support: Disabled
 NUMA Support: Disabled
 Compressed Oops: Enabled (32-bit)
 Heap Region Size: 1M
 Heap Min Capacity: 8M
 Heap Initial Capacity: 64M
 Heap Max Capacity: 1004M
 Pre-touch: Disabled
 Parallel Workers: 4
 Concurrent Workers: 1
 Concurrent Refinement Workers: 4
 Periodic GC: Disabled
Heap:
 garbage-first heap   total 54272K, used 32586K [0x00000000c1400000, 0x0000000100000000)
  region size 1024K, 10 young (10240K), 2 survivors (2048K)
 Metaspace       used 59774K, committed 60032K, reserved 1105920K
  class space    used 7919K, committed 8064K, reserved 1048576K
GC Heap History (20 events):
Event: 5.774 GC heap before
{Heap before GC invocations=6 (full 0):
 garbage-first heap   total 45056K, used 34812K [0x00000000c1400000, 0x0000000100000000)
  region size 1024K, 27 young (27648K), 4 survivors (4096K)
 Metaspace       used 26120K, committed 26432K, reserved 1073152K
  class space    used 3282K, committed 3456K, reserved 1048576K
}
Event: 5.787 GC heap after
{Heap after GC invocations=7 (full 0):
 garbage-first heap   total 45056K, used 15137K [0x00000000c1400000, 0x0000000100000000)
  region size 1024K, 5 young (5120K), 5 survivors (5120K)
 Metaspace       used 26120K, committed 26432K, reserved 1073152K
  class space    used 3282K, committed 3456K, reserved 1048576K
}
Event: 6.496 GC heap before
{Heap before GC invocations=7 (full 0):
 garbage-first heap   total 45056K, used 30497K [0x00000000c1400000, 0x0000000100000000)
  region size 1024K, 21 young (21504K), 5 survivors (5120K)
 Metaspace       used 29698K, committed 30016K, reserved 1081344K
  class space    used 3764K, committed 3904K, reserved 1048576K
}
Event: 6.508 GC heap after
{Heap after GC invocations=8 (full 0):
 garbage-first heap   total 45056K, used 16380K [0x00000000c1400000, 0x0000000100000000)
  region size 1024K, 2 young (2048K), 2 survivors (2048K)
 Metaspace       used 29698K, committed 30016K, reserved 1081344K
  class space    used 3764K, committed 3904K, reserved 1048576K
}
Event: 7.564 GC heap before
{Heap before GC invocations=8 (full 0):
 garbage-first heap   total 45056K, used 32764K [0x00000000c1400000, 0x0000000100000000)
  region size 1024K, 18 young (18432K), 2 survivors (2048K)
 Metaspace       used 34671K, committed 34944K, reserved 1081344K
  class space    used 4544K, committed 4672K, reserved 1048576K
}
Event: 7.574 GC heap after
{Heap after GC invocations=9 (full 0):
 garbage-first heap   total 54272K, used 17135K [0x00000000c1400000, 0x0000000100000000)
  region size 1024K, 3 young (3072K), 3 survivors (3072K)
 Metaspace       used 34671K, committed 34944K, reserved 1081344K
  class space    used 4544K, committed 4672K, reserved 1048576K
}
Event: 7.816 GC heap before
{Heap before GC invocations=9 (full 0):
 garbage-first heap   total 54272K, used 19183K [0x00000000c1400000, 0x0000000100000000)
  region size 1024K, 6 young (6144K), 3 survivors (3072K)
 Metaspace       used 35778K, committed 36096K, reserved 1081344K
  class space    used 4685K, committed 4864K, reserved 1048576K
}
Event: 7.823 GC heap after
{Heap after GC invocations=10 (full 0):
 garbage-first heap   total 54272K, used 17730K [0x00000000c1400000, 0x0000000100000000)
  region size 1024K, 2 young (2048K), 2 survivors (2048K)
 Metaspace       used 35778K, committed 36096K, reserved 1081344K
  class space    used 4685K, committed 4864K, reserved 1048576K
}
Event: 9.120 GC heap before
{Heap before GC invocations=11 (full 0):
 garbage-first heap   total 54272K, used 40258K [0x00000000c1400000, 0x0000000100000000)
  region size 1024K, 24 young (24576K), 2 survivors (2048K)
 Metaspace       used 41683K, committed 42048K, reserved 1089536K
  class space    used 5441K, committed 5632K, reserved 1048576K
}
Event: 9.125 GC heap after
{Heap after GC invocations=12 (full 0):
 garbage-first heap   total 54272K, used 19126K [0x00000000c1400000, 0x0000000100000000)
  region size 1024K, 2 young (2048K), 2 survivors (2048K)
 Metaspace       used 41683K, committed 42048K, reserved 1089536K
  class space    used 5441K, committed 5632K, reserved 1048576K
}
Event: 9.166 GC heap before
{Heap before GC invocations=12 (full 0):
 garbage-first heap   total 54272K, used 20150K [0x00000000c1400000, 0x0000000100000000)
  region size 1024K, 3 young (3072K), 2 survivors (2048K)
 Metaspace       used 41974K, committed 42304K, reserved 1089536K
  class space    used 5474K, committed 5632K, reserved 1048576K
}
Event: 9.172 GC heap after
{Heap after GC invocations=13 (full 0):
 garbage-first heap   total 54272K, used 19193K [0x00000000c1400000, 0x0000000100000000)
  region size 1024K, 1 young (1024K), 1 survivors (1024K)
 Metaspace       used 41974K, committed 42304K, reserved 1089536K
  class space    used 5474K, committed 5632K, reserved 1048576K
}
Event: 10.362 GC heap before
{Heap before GC invocations=13 (full 0):
 garbage-first heap   total 54272K, used 40697K [0x00000000c1400000, 0x0000000100000000)
  region size 1024K, 22 young (22528K), 1 survivors (1024K)
 Metaspace       used 47977K, committed 48320K, reserved 1097728K
  class space    used 6408K, committed 6592K, reserved 1048576K
}
Event: 10.366 GC heap after
{Heap after GC invocations=14 (full 0):
 garbage-first heap   total 54272K, used 20124K [0x00000000c1400000, 0x0000000100000000)
  region size 1024K, 2 young (2048K), 2 survivors (2048K)
 Metaspace       used 47977K, committed 48320K, reserved 1097728K
  class space    used 6408K, committed 6592K, reserved 1048576K
}
Event: 11.153 GC heap before
{Heap before GC invocations=14 (full 0):
 garbage-first heap   total 54272K, used 41628K [0x00000000c1400000, 0x0000000100000000)
  region size 1024K, 23 young (23552K), 2 survivors (2048K)
 Metaspace       used 51009K, committed 51328K, reserved 1097728K
  class space    used 6816K, committed 6976K, reserved 1048576K
}
Event: 11.160 GC heap after
{Heap after GC invocations=15 (full 0):
 garbage-first heap   total 54272K, used 21916K [0x00000000c1400000, 0x0000000100000000)
  region size 1024K, 3 young (3072K), 3 survivors (3072K)
 Metaspace       used 51009K, committed 51328K, reserved 1097728K
  class space    used 6816K, committed 6976K, reserved 1048576K
}
Event: 11.975 GC heap before
{Heap before GC invocations=15 (full 0):
 garbage-first heap   total 54272K, used 42396K [0x00000000c1400000, 0x0000000100000000)
  region size 1024K, 23 young (23552K), 3 survivors (3072K)
 Metaspace       used 53521K, committed 53824K, reserved 1097728K
  class space    used 7156K, committed 7296K, reserved 1048576K
}
Event: 11.986 GC heap after
{Heap after GC invocations=16 (full 0):
 garbage-first heap   total 54272K, used 24040K [0x00000000c1400000, 0x0000000100000000)
  region size 1024K, 3 young (3072K), 3 survivors (3072K)
 Metaspace       used 53521K, committed 53824K, reserved 1097728K
  class space    used 7156K, committed 7296K, reserved 1048576K
}
Event: 66.354 GC heap before
{Heap before GC invocations=16 (full 0):
 garbage-first heap   total 54272K, used 40424K [0x00000000c1400000, 0x0000000100000000)
  region size 1024K, 20 young (20480K), 3 survivors (3072K)
 Metaspace       used 58043K, committed 58368K, reserved 1105920K
  class space    used 7708K, committed 7872K, reserved 1048576K
}
Event: 66.364 GC heap after
{Heap after GC invocations=17 (full 0):
 garbage-first heap   total 54272K, used 25418K [0x00000000c1400000, 0x0000000100000000)
  region size 1024K, 2 young (2048K), 2 survivors (2048K)
 Metaspace       used 58043K, committed 58368K, reserved 1105920K
  class space    used 7708K, committed 7872K, reserved 1048576K
}

