# JRE version: Java(TM) SE Runtime Environment (17.0.4.1+1) (build 17.0.4.1+1-LTS-2)
# Java VM: Java HotSpot(TM) 64-Bit Server VM (17.0.4.1+1-LTS-2, mixed mode, sharing, tiered, compressed oops, compressed class ptrs, g1 gc, windows-amd64)
GC Precious Log:
 CPUs: 4 total, 4 available
 Memory: 4012M
 Large Page Support: Disabled
 NUMA Support: Disabled
 Compressed Oops: Enabled (32-bit)
 Heap Region Size: 1M
 Heap Min Capacity: 8M
 Heap Initial Capacity: 64M
 Heap Max Capacity: 1004M
 Pre-touch: Disabled
 Parallel Workers: 4
 Concurrent Workers: 1
 Concurrent Refinement Workers: 4
 Periodic GC: Disabled
Heap:
 garbage-first heap   total 58368K, used 43475K [0x00000000c1400000, 0x0000000100000000)
  region size 1024K, 18 young (18432K), 1 survivors (1024K)
 Metaspace       used 61926K, committed 62272K, reserved 1105920K
  class space    used 8147K, committed 8320K, reserved 1048576K
GC Heap History (20 events):
Event: 10.902 GC heap before
{Heap before GC invocations=10 (full 0):
 garbage-first heap   total 48128K, used 35088K [0x00000000c1400000, 0x0000000100000000)
  region size 1024K, 20 young (20480K), 3 survivors (3072K)
 Metaspace       used 41667K, committed 41984K, reserved 1089536K
  class space    used 5460K, committed 5632K, reserved 1048576K
}
Event: 10.909 GC heap after
{Heap after GC invocations=11 (full 0):
 garbage-first heap   total 48128K, used 19017K [0x00000000c1400000, 0x0000000100000000)
  region size 1024K, 3 young (3072K), 3 survivors (3072K)
 Metaspace       used 41667K, committed 41984K, reserved 1089536K
  class space    used 5460K, committed 5632K, reserved 1048576K
}
Event: 11.411 GC heap before
{Heap before GC invocations=12 (full 0):
 garbage-first heap   total 48128K, used 35401K [0x00000000c1400000, 0x0000000100000000)
  region size 1024K, 19 young (19456K), 3 survivors (3072K)
 Metaspace       used 44993K, committed 45312K, reserved 1089536K
  class space    used 5928K, committed 6080K, reserved 1048576K
}
Event: 11.420 GC heap after
{Heap after GC invocations=13 (full 0):
 garbage-first heap   total 48128K, used 19927K [0x00000000c1400000, 0x0000000100000000)
  region size 1024K, 3 young (3072K), 3 survivors (3072K)
 Metaspace       used 44993K, committed 45312K, reserved 1089536K
  class space    used 5928K, committed 6080K, reserved 1048576K
}
Event: 12.656 GC heap before
{Heap before GC invocations=13 (full 0):
 garbage-first heap   total 48128K, used 35287K [0x00000000c1400000, 0x0000000100000000)
  region size 1024K, 18 young (18432K), 3 survivors (3072K)
 Metaspace       used 48443K, committed 48768K, reserved 1097728K
  class space    used 6452K, committed 6592K, reserved 1048576K
}
Event: 12.663 GC heap after
{Heap after GC invocations=14 (full 0):
 garbage-first heap   total 58368K, used 20862K [0x00000000c1400000, 0x0000000100000000)
  region size 1024K, 2 young (2048K), 2 survivors (2048K)
 Metaspace       used 48443K, committed 48768K, reserved 1097728K
  class space    used 6452K, committed 6592K, reserved 1048576K
}
Event: 13.368 GC heap before
{Heap before GC invocations=14 (full 0):
 garbage-first heap   total 58368K, used 44414K [0x00000000c1400000, 0x0000000100000000)
  region size 1024K, 25 young (25600K), 2 survivors (2048K)
 Metaspace       used 51706K, committed 52032K, reserved 1097728K
  class space    used 6912K, committed 7040K, reserved 1048576K
}
Event: 13.378 GC heap after
{Heap after GC invocations=15 (full 0):
 garbage-first heap   total 58368K, used 22841K [0x00000000c1400000, 0x0000000100000000)
  region size 1024K, 4 young (4096K), 4 survivors (4096K)
 Metaspace       used 51706K, committed 52032K, reserved 1097728K
  class space    used 6912K, committed 7040K, reserved 1048576K
}
Event: 228.784 GC heap before
{Heap before GC invocations=15 (full 0):
 garbage-first heap   total 58368K, used 44345K [0x00000000c1400000, 0x0000000100000000)
  region size 1024K, 25 young (25600K), 4 survivors (4096K)
 Metaspace       used 53928K, committed 54272K, reserved 1097728K
  class space    used 7195K, committed 7360K, reserved 1048576K
}
Event: 228.856 GC heap after
{Heap after GC invocations=16 (full 0):
 garbage-first heap   total 58368K, used 24304K [0x00000000c1400000, 0x0000000100000000)
  region size 1024K, 2 young (2048K), 2 survivors (2048K)
 Metaspace       used 53928K, committed 54272K, reserved 1097728K
  class space    used 7195K, committed 7360K, reserved 1048576K
}
Event: 331.396 GC heap before
{Heap before GC invocations=16 (full 0):
 garbage-first heap   total 58368K, used 43760K [0x00000000c1400000, 0x0000000100000000)
  region size 1024K, 22 young (22528K), 2 survivors (2048K)
 Metaspace       used 58972K, committed 59328K, reserved 1105920K
  class space    used 7818K, committed 8000K, reserved 1048576K
}
Event: 331.487 GC heap after
{Heap after GC invocations=17 (full 0):
 garbage-first heap   total 58368K, used 26620K [0x00000000c1400000, 0x0000000100000000)
  region size 1024K, 3 young (3072K), 3 survivors (3072K)
 Metaspace       used 58972K, committed 59328K, reserved 1105920K
  class space    used 7818K, committed 8000K, reserved 1048576K
}
Event: 628.346 GC heap before
{Heap before GC invocations=17 (full 0):
 garbage-first heap   total 58368K, used 44028K [0x00000000c1400000, 0x0000000100000000)
  region size 1024K, 21 young (21504K), 3 survivors (3072K)
 Metaspace       used 61486K, committed 61824K, reserved 1105920K
  class space    used 8115K, committed 8256K, reserved 1048576K
}
Event: 628.452 GC heap after
{Heap after GC invocations=18 (full 0):
 garbage-first heap   total 58368K, used 28270K [0x00000000c1400000, 0x0000000100000000)
  region size 1024K, 2 young (2048K), 2 survivors (2048K)
 Metaspace       used 61486K, committed 61824K, reserved 1105920K
  class space    used 8115K, committed 8256K, reserved 1048576K
}
Event: 1323.880 GC heap before
{Heap before GC invocations=18 (full 0):
 garbage-first heap   total 58368K, used 44654K [0x00000000c1400000, 0x0000000100000000)
  region size 1024K, 18 young (18432K), 2 survivors (2048K)
 Metaspace       used 61511K, committed 61888K, reserved 1105920K
  class space    used 8115K, committed 8256K, reserved 1048576K
}
Event: 1323.902 GC heap after
{Heap after GC invocations=19 (full 0):
 garbage-first heap   total 58368K, used 28183K [0x00000000c1400000, 0x0000000100000000)
  region size 1024K, 2 young (2048K), 2 survivors (2048K)
 Metaspace       used 61511K, committed 61888K, reserved 1105920K
  class space    used 8115K, committed 8256K, reserved 1048576K
}
Event: 1798.642 GC heap before
{Heap before GC invocations=20 (full 0):
 garbage-first heap   total 58368K, used 44567K [0x00000000c1400000, 0x0000000100000000)
  region size 1024K, 19 young (19456K), 2 survivors (2048K)
 Metaspace       used 61508K, committed 61888K, reserved 1105920K
  class space    used 8105K, committed 8256K, reserved 1048576K
}
Event: 1798.656 GC heap after
{Heap after GC invocations=21 (full 0):
 garbage-first heap   total 58368K, used 28385K [0x00000000c1400000, 0x0000000100000000)
  region size 1024K, 2 young (2048K), 2 survivors (2048K)
 Metaspace       used 61508K, committed 61888K, reserved 1105920K
  class space    used 8105K, committed 8256K, reserved 1048576K
}
Event: 1798.699 GC heap before
{Heap before GC invocations=21 (full 0):
 garbage-first heap   total 58368K, used 29409K [0x00000000c1400000, 0x0000000100000000)
  region size 1024K, 3 young (3072K), 2 survivors (2048K)
 Metaspace       used 61511K, committed 61888K, reserved 1105920K
  class space    used 8105K, committed 8256K, reserved 1048576K
}
Event: 1798.765 GC heap after
{Heap after GC invocations=22 (full 0):
 garbage-first heap   total 58368K, used 27091K [0x00000000c1400000, 0x0000000100000000)
  region size 1024K, 1 young (1024K), 1 survivors (1024K)
 Metaspace       used 61511K, committed 61888K, reserved 1105920K
  class space    used 8105K, committed 8256K, reserved 1048576K
}

