# JRE version: Java(TM) SE Runtime Environment (17.0.4.1+1) (build 17.0.4.1+1-LTS-2)
# Java VM: Java HotSpot(TM) 64-Bit Server VM (17.0.4.1+1-LTS-2, mixed mode, sharing, tiered, compressed oops, compressed class ptrs, g1 gc, windows-amd64)
GC Precious Log:
 CPUs: 4 total, 4 available
 Memory: 4012M
 Large Page Support: Disabled
 NUMA Support: Disabled
 Compressed Oops: Enabled (32-bit)
 Heap Region Size: 1M
 Heap Min Capacity: 8M
 Heap Initial Capacity: 64M
 Heap Max Capacity: 1004M
 Pre-touch: Disabled
 Parallel Workers: 4
 Concurrent Workers: 1
 Concurrent Refinement Workers: 4
 Periodic GC: Disabled
Heap:
 garbage-first heap   total 96256K, used 36073K [0x00000000c1400000, 0x0000000100000000)
  region size 1024K, 14 young (14336K), 2 survivors (2048K)
 Metaspace       used 55951K, committed 56256K, reserved 1097728K
  class space    used 7441K, committed 7616K, reserved 1048576K
GC Heap History (20 events):
Event: 8.249 GC heap before
{Heap before GC invocations=7 (full 0):
 garbage-first heap   total 48128K, used 33567K [0x00000000c1400000, 0x0000000100000000)
  region size 1024K, 24 young (24576K), 5 survivors (5120K)
 Metaspace       used 30859K, committed 31168K, reserved 1081344K
  class space    used 3992K, committed 4160K, reserved 1048576K
}
Event: 8.260 GC heap after
{Heap after GC invocations=8 (full 0):
 garbage-first heap   total 48128K, used 16652K [0x00000000c1400000, 0x0000000100000000)
  region size 1024K, 2 young (2048K), 2 survivors (2048K)
 Metaspace       used 30859K, committed 31168K, reserved 1081344K
  class space    used 3992K, committed 4160K, reserved 1048576K
}
Event: 9.550 GC heap before
{Heap before GC invocations=8 (full 0):
 garbage-first heap   total 48128K, used 28940K [0x00000000c1400000, 0x0000000100000000)
  region size 1024K, 16 young (16384K), 2 survivors (2048K)
 Metaspace       used 35782K, committed 36096K, reserved 1081344K
  class space    used 4687K, committed 4864K, reserved 1048576K
}
Event: 9.556 GC heap after
{Heap after GC invocations=9 (full 0):
 garbage-first heap   total 48128K, used 17584K [0x00000000c1400000, 0x0000000100000000)
  region size 1024K, 3 young (3072K), 3 survivors (3072K)
 Metaspace       used 35782K, committed 36096K, reserved 1081344K
  class space    used 4687K, committed 4864K, reserved 1048576K
}
Event: 12.199 GC heap before
{Heap before GC invocations=10 (full 0):
 garbage-first heap   total 48128K, used 36016K [0x00000000c1400000, 0x0000000100000000)
  region size 1024K, 21 young (21504K), 3 survivors (3072K)
 Metaspace       used 41709K, committed 42048K, reserved 1089536K
  class space    used 5460K, committed 5632K, reserved 1048576K
}
Event: 12.205 GC heap after
{Heap after GC invocations=11 (full 0):
 garbage-first heap   total 48128K, used 18825K [0x00000000c1400000, 0x0000000100000000)
  region size 1024K, 3 young (3072K), 3 survivors (3072K)
 Metaspace       used 41709K, committed 42048K, reserved 1089536K
  class space    used 5460K, committed 5632K, reserved 1048576K
}
Event: 12.222 GC heap before
{Heap before GC invocations=11 (full 0):
 garbage-first heap   total 48128K, used 18825K [0x00000000c1400000, 0x0000000100000000)
  region size 1024K, 4 young (4096K), 3 survivors (3072K)
 Metaspace       used 41800K, committed 42112K, reserved 1089536K
  class space    used 5468K, committed 5632K, reserved 1048576K
}
Event: 12.228 GC heap after
{Heap after GC invocations=12 (full 0):
 garbage-first heap   total 48128K, used 19128K [0x00000000c1400000, 0x0000000100000000)
  region size 1024K, 1 young (1024K), 1 survivors (1024K)
 Metaspace       used 41800K, committed 42112K, reserved 1089536K
  class space    used 5468K, committed 5632K, reserved 1048576K
}
Event: 12.841 GC heap before
{Heap before GC invocations=12 (full 0):
 garbage-first heap   total 48128K, used 35512K [0x00000000c1400000, 0x0000000100000000)
  region size 1024K, 17 young (17408K), 1 survivors (1024K)
 Metaspace       used 45313K, committed 45568K, reserved 1089536K
  class space    used 5991K, committed 6144K, reserved 1048576K
}
Event: 12.845 GC heap after
{Heap after GC invocations=13 (full 0):
 garbage-first heap   total 48128K, used 19649K [0x00000000c1400000, 0x0000000100000000)
  region size 1024K, 1 young (1024K), 1 survivors (1024K)
 Metaspace       used 45313K, committed 45568K, reserved 1089536K
  class space    used 5991K, committed 6144K, reserved 1048576K
}
Event: 14.274 GC heap before
{Heap before GC invocations=14 (full 0):
 garbage-first heap   total 48128K, used 36033K [0x00000000c1400000, 0x0000000100000000)
  region size 1024K, 18 young (18432K), 1 survivors (1024K)
 Metaspace       used 49103K, committed 49472K, reserved 1097728K
  class space    used 6547K, committed 6720K, reserved 1048576K
}
Event: 14.279 GC heap after
{Heap after GC invocations=15 (full 0):
 garbage-first heap   total 48128K, used 20904K [0x00000000c1400000, 0x0000000100000000)
  region size 1024K, 3 young (3072K), 3 survivors (3072K)
 Metaspace       used 49103K, committed 49472K, reserved 1097728K
  class space    used 6547K, committed 6720K, reserved 1048576K
}
Event: 14.327 GC heap before
{Heap before GC invocations=15 (full 0):
 garbage-first heap   total 48128K, used 21928K [0x00000000c1400000, 0x0000000100000000)
  region size 1024K, 4 young (4096K), 3 survivors (3072K)
 Metaspace       used 49479K, committed 49792K, reserved 1097728K
  class space    used 6577K, committed 6720K, reserved 1048576K
}
Event: 14.334 GC heap after
{Heap after GC invocations=16 (full 0):
 garbage-first heap   total 48128K, used 20925K [0x00000000c1400000, 0x0000000100000000)
  region size 1024K, 1 young (1024K), 1 survivors (1024K)
 Metaspace       used 49479K, committed 49792K, reserved 1097728K
  class space    used 6577K, committed 6720K, reserved 1048576K
}
Event: 14.764 GC heap before
{Heap before GC invocations=16 (full 0):
 garbage-first heap   total 48128K, used 36285K [0x00000000c1400000, 0x0000000100000000)
  region size 1024K, 16 young (16384K), 1 survivors (1024K)
 Metaspace       used 51182K, committed 51520K, reserved 1097728K
  class space    used 6860K, committed 7040K, reserved 1048576K
}
Event: 14.768 GC heap after
{Heap after GC invocations=17 (full 0):
 garbage-first heap   total 48128K, used 21947K [0x00000000c1400000, 0x0000000100000000)
  region size 1024K, 2 young (2048K), 2 survivors (2048K)
 Metaspace       used 51182K, committed 51520K, reserved 1097728K
  class space    used 6860K, committed 7040K, reserved 1048576K
}
Event: 15.231 GC heap before
{Heap before GC invocations=17 (full 0):
 garbage-first heap   total 48128K, used 37307K [0x00000000c1400000, 0x0000000100000000)
  region size 1024K, 17 young (17408K), 2 survivors (2048K)
 Metaspace       used 53064K, committed 53376K, reserved 1097728K
  class space    used 7111K, committed 7296K, reserved 1048576K
}
Event: 15.237 GC heap after
{Heap after GC invocations=18 (full 0):
 garbage-first heap   total 48128K, used 23589K [0x00000000c1400000, 0x0000000100000000)
  region size 1024K, 3 young (3072K), 3 survivors (3072K)
 Metaspace       used 53064K, committed 53376K, reserved 1097728K
  class space    used 7111K, committed 7296K, reserved 1048576K
}
Event: 99.723 GC heap before
{Heap before GC invocations=18 (full 0):
 garbage-first heap   total 48128K, used 37925K [0x00000000c1400000, 0x0000000100000000)
  region size 1024K, 17 young (17408K), 3 survivors (3072K)
 Metaspace       used 55657K, committed 55936K, reserved 1097728K
  class space    used 7415K, committed 7552K, reserved 1048576K
}
Event: 99.736 GC heap after
{Heap after GC invocations=19 (full 0):
 garbage-first heap   total 96256K, used 24809K [0x00000000c1400000, 0x0000000100000000)
  region size 1024K, 2 young (2048K), 2 survivors (2048K)
 Metaspace       used 55657K, committed 55936K, reserved 1097728K
  class space    used 7415K, committed 7552K, reserved 1048576K
}

