# JRE version: Java(TM) SE Runtime Environment (17.0.4.1+1) (build 17.0.4.1+1-LTS-2)
# Java VM: Java HotSpot(TM) 64-Bit Server VM (17.0.4.1+1-LTS-2, mixed mode, sharing, tiered, compressed oops, compressed class ptrs, g1 gc, windows-amd64)
GC Precious Log:
 CPUs: 4 total, 4 available
 Memory: 4012M
 Large Page Support: Disabled
 NUMA Support: Disabled
 Compressed Oops: Enabled (32-bit)
 Heap Region Size: 1M
 Heap Min Capacity: 8M
 Heap Initial Capacity: 64M
 Heap Max Capacity: 1004M
 Pre-touch: Disabled
 Parallel Workers: 4
 Concurrent Workers: 1
 Concurrent Refinement Workers: 4
 Periodic GC: Disabled
Heap:
 garbage-first heap   total 65536K, used 9359K [0x00000000c1400000, 0x0000000100000000)
  region size 1024K, 5 young (5120K), 3 survivors (3072K)
 Metaspace       used 12097K, committed 12288K, reserved 1064960K
  class space    used 1462K, committed 1536K, reserved 1048576K
GC Heap History (6 events):
Event: 1.695 GC heap before
{Heap before GC invocations=0 (full 0):
 garbage-first heap   total 65536K, used 13312K [0x00000000c1400000, 0x0000000100000000)
  region size 1024K, 13 young (13312K), 0 survivors (0K)
 Metaspace       used 3391K, committed 3520K, reserved 1056768K
  class space    used 354K, committed 448K, reserved 1048576K
}
Event: 1.712 GC heap after
{Heap after GC invocations=1 (full 0):
 garbage-first heap   total 65536K, used 6071K [0x00000000c1400000, 0x0000000100000000)
  region size 1024K, 2 young (2048K), 2 survivors (2048K)
 Metaspace       used 3391K, committed 3520K, reserved 1056768K
  class space    used 354K, committed 448K, reserved 1048576K
}
Event: 2.421 GC heap before
{Heap before GC invocations=1 (full 0):
 garbage-first heap   total 65536K, used 14263K [0x00000000c1400000, 0x0000000100000000)
  region size 1024K, 11 young (11264K), 2 survivors (2048K)
 Metaspace       used 5687K, committed 5888K, reserved 1056768K
  class space    used 656K, committed 768K, reserved 1048576K
}
Event: 2.426 GC heap after
{Heap after GC invocations=2 (full 0):
 garbage-first heap   total 65536K, used 6863K [0x00000000c1400000, 0x0000000100000000)
  region size 1024K, 1 young (1024K), 1 survivors (1024K)
 Metaspace       used 5687K, committed 5888K, reserved 1056768K
  class space    used 656K, committed 768K, reserved 1048576K
}
Event: 4.127 GC heap before
{Heap before GC invocations=2 (full 0):
 garbage-first heap   total 65536K, used 29391K [0x00000000c1400000, 0x0000000100000000)
  region size 1024K, 24 young (24576K), 1 survivors (1024K)
 Metaspace       used 11874K, committed 12096K, reserved 1064960K
  class space    used 1434K, committed 1536K, reserved 1048576K
}
Event: 4.135 GC heap after
{Heap after GC invocations=3 (full 0):
 garbage-first heap   total 65536K, used 8335K [0x00000000c1400000, 0x0000000100000000)
  region size 1024K, 3 young (3072K), 3 survivors (3072K)
 Metaspace       used 11874K, committed 12096K, reserved 1064960K
  class space    used 1434K, committed 1536K, reserved 1048576K
}

